Determining if the pthread_create exist failed with the following output:
Change Dir: /home/lezkus/Documents/CPProb/dependencies/build/googletest-build/CMakeFiles/CMakeTmp

Run Build Command:"/usr/bin/make" "cmTC_a2f13/fast"
make[3]: Entering directory '/home/lezkus/Documents/CPProb/dependencies/build/googletest-build/CMakeFiles/CMakeTmp'
/usr/bin/make -f CMakeFiles/cmTC_a2f13.dir/build.make CMakeFiles/cmTC_a2f13.dir/build
make[4]: Entering directory '/home/lezkus/Documents/CPProb/dependencies/build/googletest-build/CMakeFiles/CMakeTmp'
Building C object CMakeFiles/cmTC_a2f13.dir/CheckSymbolExists.c.o
/usr/bin/cc    -o CMakeFiles/cmTC_a2f13.dir/CheckSymbolExists.c.o   -c /home/lezkus/Documents/CPProb/dependencies/build/googletest-build/CMakeFiles/CMakeTmp/CheckSymbolExists.c
Linking C executable cmTC_a2f13
/usr/bin/cmake -E cmake_link_script CMakeFiles/cmTC_a2f13.dir/link.txt --verbose=1
/usr/bin/cc      -rdynamic CMakeFiles/cmTC_a2f13.dir/CheckSymbolExists.c.o  -o cmTC_a2f13 
CMakeFiles/cmTC_a2f13.dir/CheckSymbolExists.c.o: In function `main':
CheckSymbolExists.c:(.text+0x1b): undefined reference to `pthread_create'
collect2: error: ld returned 1 exit status
make[4]: *** [CMakeFiles/cmTC_a2f13.dir/build.make:98: cmTC_a2f13] Error 1
make[4]: Leaving directory '/home/lezkus/Documents/CPProb/dependencies/build/googletest-build/CMakeFiles/CMakeTmp'
make[3]: *** [Makefile:126: cmTC_a2f13/fast] Error 2
make[3]: Leaving directory '/home/lezkus/Documents/CPProb/dependencies/build/googletest-build/CMakeFiles/CMakeTmp'

File /home/lezkus/Documents/CPProb/dependencies/build/googletest-build/CMakeFiles/CMakeTmp/CheckSymbolExists.c:
/* */
#include <pthread.h>

int main(int argc, char** argv)
{
  (void)argv;
#ifndef pthread_create
  return ((int*)(&pthread_create))[argc];
#else
  (void)argc;
  return 0;
#endif
}

